c:\users\alastar\documents\visual studio 2013\projects\rakauth\deps\odb\includes\odb\x64\release\vc120.pdb
c:\users\alastar\documents\visual studio 2013\projects\rakauth\deps\odb\includes\odb\x64\release\transaction.obj
c:\users\alastar\documents\visual studio 2013\projects\rakauth\deps\odb\includes\odb\x64\release\tracer.obj
c:\users\alastar\documents\visual studio 2013\projects\rakauth\deps\odb\includes\odb\x64\release\statement-processing.obj
c:\users\alastar\documents\visual studio 2013\projects\rakauth\deps\odb\includes\odb\x64\release\statement.obj
c:\users\alastar\documents\visual studio 2013\projects\rakauth\deps\odb\includes\odb\x64\release\session.obj
c:\users\alastar\documents\visual studio 2013\projects\rakauth\deps\odb\includes\odb\x64\release\section.obj
c:\users\alastar\documents\visual studio 2013\projects\rakauth\deps\odb\includes\odb\x64\release\schema-catalog.obj
c:\users\alastar\documents\visual studio 2013\projects\rakauth\deps\odb\includes\odb\x64\release\result.obj
c:\users\alastar\documents\visual studio 2013\projects\rakauth\deps\odb\includes\odb\x64\release\query-dynamic.obj
c:\users\alastar\documents\visual studio 2013\projects\rakauth\deps\odb\includes\odb\x64\release\prepared-query.obj
c:\users\alastar\documents\visual studio 2013\projects\rakauth\deps\odb\includes\odb\x64\release\lazy-ptr-impl.obj
c:\users\alastar\documents\visual studio 2013\projects\rakauth\deps\odb\includes\odb\x64\release\connection.obj
c:\users\alastar\documents\visual studio 2013\projects\rakauth\deps\odb\includes\odb\x64\release\vector-impl.obj
c:\users\alastar\documents\visual studio 2013\projects\rakauth\deps\odb\includes\odb\x64\release\database.obj
c:\users\alastar\documents\visual studio 2013\projects\rakauth\deps\odb\includes\odb\x64\release\exceptions.obj
c:\users\alastar\documents\visual studio 2013\projects\rakauth\deps\odb\includes\odb\x64\release\callback.obj
c:\users\alastar\documents\visual studio 2013\projects\rakauth\deps\odb\includes\odb\x64\release\details\mutex.obj
c:\users\alastar\documents\visual studio 2013\projects\rakauth\deps\odb\includes\odb\x64\release\details\lock.obj
c:\users\alastar\documents\visual studio 2013\projects\rakauth\deps\odb\includes\odb\x64\release\details\condition.obj
c:\users\alastar\documents\visual studio 2013\projects\rakauth\deps\odb\includes\odb\x64\release\details\buffer.obj
c:\users\alastar\documents\visual studio 2013\projects\rakauth\deps\odb\includes\odb\x64\release\details\shared-ptr\base.obj
c:\users\alastar\documents\visual studio 2013\projects\rakauth\deps\odb\includes\odb\x64\release\details\win32\dll.obj
c:\users\alastar\documents\visual studio 2013\projects\rakauth\deps\odb\includes\odb\x64\release\details\win32\exceptions.obj
c:\users\alastar\documents\visual studio 2013\projects\rakauth\deps\odb\includes\odb\x64\release\details\win32\thread.obj
c:\users\alastar\documents\visual studio 2013\projects\rakauth\deps\odb\includes\odb\x64\release\details\win32\condition.obj
c:\users\alastar\documents\visual studio 2013\projects\rakauth\deps\odb\includes\odb\x64\release\details\win32\tls.obj
c:\users\alastar\documents\visual studio 2013\projects\rakauth\deps\odb\includes\odb\x64\release\details\win32\once.obj
c:\users\alastar\documents\visual studio 2013\projects\rakauth\deps\odb\includes\odb\x64\release\details\win32\init.obj
c:\users\alastar\documents\visual studio 2013\projects\rakauth\deps\odb\includes\lib64\odb.lib
c:\users\alastar\documents\visual studio 2013\projects\rakauth\deps\odb\includes\lib64\odb.exp
c:\users\alastar\documents\visual studio 2013\projects\rakauth\deps\odb\includes\bin64\odb-2.4-vc12.dll
c:\users\alastar\documents\visual studio 2013\projects\rakauth\deps\odb\includes\bin64\odb-2.4-vc12.pdb
c:\users\alastar\documents\visual studio 2013\projects\rakauth\deps\odb\includes\odb\x64\release\libodb-vc12.tlog\cl.command.1.tlog
c:\users\alastar\documents\visual studio 2013\projects\rakauth\deps\odb\includes\odb\x64\release\libodb-vc12.tlog\cl.read.1.tlog
c:\users\alastar\documents\visual studio 2013\projects\rakauth\deps\odb\includes\odb\x64\release\libodb-vc12.tlog\cl.write.1.tlog
c:\users\alastar\documents\visual studio 2013\projects\rakauth\deps\odb\includes\odb\x64\release\libodb-vc12.tlog\libodb-vc12.write.1u.tlog
c:\users\alastar\documents\visual studio 2013\projects\rakauth\deps\odb\includes\odb\x64\release\libodb-vc12.tlog\link.command.1.tlog
c:\users\alastar\documents\visual studio 2013\projects\rakauth\deps\odb\includes\odb\x64\release\libodb-vc12.tlog\link.read.1.tlog
c:\users\alastar\documents\visual studio 2013\projects\rakauth\deps\odb\includes\odb\x64\release\libodb-vc12.tlog\link.write.1.tlog
