This file contains any messages produced by compilers while
running configure, to aid debugging if configure makes a mistake.

It was created by libodb configure 2.3.0, which was
generated by GNU Autoconf 2.69.  Invocation command line was

  $ ./configure 

## --------- ##
## Platform. ##
## --------- ##

hostname = localhost.localdomain
uname -m = x86_64
uname -r = 4.0.4-301.fc22.x86_64
uname -s = Linux
uname -v = #1 SMP Thu May 21 13:10:33 UTC 2015

/usr/bin/uname -p = x86_64
/bin/uname -X     = unknown

/bin/arch              = x86_64
/usr/bin/arch -k       = unknown
/usr/convex/getsysinfo = unknown
/usr/bin/hostinfo      = unknown
/bin/machine           = unknown
/usr/bin/oslevel       = unknown
/bin/universe          = unknown

PATH: /usr/local/bin
PATH: /usr/local/sbin
PATH: /usr/bin
PATH: /usr/sbin
PATH: /bin
PATH: /sbin
PATH: /home/alastar/.local/bin
PATH: /home/alastar/bin


## ----------- ##
## Core tests. ##
## ----------- ##

configure:2311: checking for a BSD-compatible install
configure:2379: result: /usr/bin/install -c
configure:2390: checking whether build environment is sane
configure:2445: result: yes
configure:2596: checking for a thread-safe mkdir -p
configure:2635: result: /usr/bin/mkdir -p
configure:2642: checking for gawk
configure:2658: found /usr/bin/gawk
configure:2669: result: gawk
configure:2680: checking whether make sets $(MAKE)
configure:2702: result: yes
configure:2783: checking how to create a ustar tar archive
configure:2796: tar --version
tar (GNU tar) 1.28
Copyright (C) 2014 Free Software Foundation, Inc.
License GPLv3+: GNU GPL version 3 or later <http://gnu.org/licenses/gpl.html>.
This is free software: you are free to change and redistribute it.
There is NO WARRANTY, to the extent permitted by law.

Written by John Gilmore and Jay Fenlason.
configure:2799: $? = 0
configure:2839: tardir=conftest.dir && eval tar --format=ustar -chf - "$tardir" >conftest.tar
configure:2842: $? = 0
configure:2846: tar -xf - <conftest.tar
configure:2849: $? = 0
configure:2862: result: gnutar
configure:2881: checking for style of include used by make
configure:2909: result: GNU
configure:2980: checking for gcc
configure:2996: found /usr/bin/gcc
configure:3007: result: gcc
configure:3236: checking for C compiler version
configure:3245: gcc --version >&5
gcc (GCC) 5.3.1 20151207 (Red Hat 5.3.1-2)
Copyright (C) 2015 Free Software Foundation, Inc.
This is free software; see the source for copying conditions.  There is NO
warranty; not even for MERCHANTABILITY or FITNESS FOR A PARTICULAR PURPOSE.

configure:3256: $? = 0
configure:3245: gcc -v >&5
Using built-in specs.
COLLECT_GCC=gcc
COLLECT_LTO_WRAPPER=/usr/libexec/gcc/x86_64-redhat-linux/5.3.1/lto-wrapper
Target: x86_64-redhat-linux
Configured with: ../configure --enable-bootstrap --enable-languages=c,c++,objc,obj-c++,fortran,ada,go,lto --prefix=/usr --mandir=/usr/share/man --infodir=/usr/share/info --with-bugurl=http://bugzilla.redhat.com/bugzilla --enable-shared --enable-threads=posix --enable-checking=release --enable-multilib --with-system-zlib --enable-__cxa_atexit --disable-libunwind-exceptions --enable-gnu-unique-object --enable-linker-build-id --with-linker-hash-style=gnu --enable-plugin --enable-initfini-array --disable-libgcj --with-default-libstdcxx-abi=gcc4-compatible --with-isl --enable-libmpx --enable-gnu-indirect-function --with-tune=generic --with-arch_32=i686 --build=x86_64-redhat-linux
Thread model: posix
gcc version 5.3.1 20151207 (Red Hat 5.3.1-2) (GCC) 
configure:3256: $? = 0
configure:3245: gcc -V >&5
gcc: error: unrecognized command line option '-V'
gcc: fatal error: no input files
compilation terminated.
configure:3256: $? = 1
configure:3245: gcc -qversion >&5
gcc: error: unrecognized command line option '-qversion'
gcc: fatal error: no input files
compilation terminated.
configure:3256: $? = 1
configure:3276: checking whether the C compiler works
configure:3298: gcc    conftest.c  >&5
configure:3302: $? = 0
configure:3350: result: yes
configure:3353: checking for C compiler default output file name
configure:3355: result: a.out
configure:3361: checking for suffix of executables
configure:3368: gcc -o conftest    conftest.c  >&5
configure:3372: $? = 0
configure:3394: result: 
configure:3416: checking whether we are cross compiling
configure:3424: gcc -o conftest    conftest.c  >&5
configure:3428: $? = 0
configure:3435: ./conftest
configure:3439: $? = 0
configure:3454: result: no
configure:3459: checking for suffix of object files
configure:3481: gcc -c   conftest.c >&5
configure:3485: $? = 0
configure:3506: result: o
configure:3510: checking whether we are using the GNU C compiler
configure:3529: gcc -c   conftest.c >&5
configure:3529: $? = 0
configure:3538: result: yes
configure:3547: checking whether gcc accepts -g
configure:3567: gcc -c -g  conftest.c >&5
configure:3567: $? = 0
configure:3608: result: yes
configure:3625: checking for gcc option to accept ISO C89
configure:3688: gcc  -c -g -O2  conftest.c >&5
configure:3688: $? = 0
configure:3701: result: none needed
configure:3723: checking dependency style of gcc
configure:3834: result: gcc3
configure:3899: checking for ar
configure:3915: found /usr/bin/ar
configure:3926: result: ar
configure:3952: checking the archiver (ar) interface
configure:3962: gcc -c -g -O2  conftest.c >&5
configure:3962: $? = 0
configure:3964: ar cru libconftest.a conftest.o >&5
ar: `u' modifier ignored since `D' is the default (see `U')
configure:3967: $? = 0
configure:3990: result: ar
configure:4040: checking build system type
configure:4054: result: x86_64-unknown-linux-gnu
configure:4074: checking host system type
configure:4087: result: x86_64-unknown-linux-gnu
configure:4128: checking how to print strings
configure:4155: result: printf
configure:4176: checking for a sed that does not truncate output
configure:4240: result: /usr/bin/sed
configure:4258: checking for grep that handles long lines and -e
configure:4316: result: /usr/bin/grep
configure:4321: checking for egrep
configure:4383: result: /usr/bin/grep -E
configure:4388: checking for fgrep
configure:4450: result: /usr/bin/grep -F
configure:4485: checking for ld used by gcc
configure:4552: result: /usr/bin/ld
configure:4559: checking if the linker (/usr/bin/ld) is GNU ld
configure:4574: result: yes
configure:4586: checking for BSD- or MS-compatible name lister (nm)
configure:4635: result: /usr/bin/nm -B
configure:4765: checking the name lister (/usr/bin/nm -B) interface
configure:4772: gcc -c -g -O2  conftest.c >&5
configure:4775: /usr/bin/nm -B "conftest.o"
configure:4778: output
0000000000000000 B some_variable
configure:4785: result: BSD nm
configure:4788: checking whether ln -s works
configure:4792: result: yes
configure:4800: checking the maximum length of command line arguments
configure:4931: result: 1572864
configure:4948: checking whether the shell understands some XSI constructs
configure:4958: result: yes
configure:4962: checking whether the shell understands "+="
configure:4968: result: yes
configure:5003: checking how to convert x86_64-unknown-linux-gnu file names to x86_64-unknown-linux-gnu format
configure:5043: result: func_convert_file_noop
configure:5050: checking how to convert x86_64-unknown-linux-gnu file names to toolchain format
configure:5070: result: func_convert_file_noop
configure:5077: checking for /usr/bin/ld option to reload object files
configure:5084: result: -r
configure:5158: checking for objdump
configure:5174: found /usr/bin/objdump
configure:5185: result: objdump
configure:5214: checking how to recognize dependent libraries
configure:5412: result: pass_all
configure:5497: checking for dlltool
configure:5527: result: no
configure:5554: checking how to associate runtime and link libraries
configure:5581: result: printf %s\n
configure:5705: checking for archiver @FILE support
configure:5722: gcc -c -g -O2  conftest.c >&5
configure:5722: $? = 0
configure:5725: ar cru libconftest.a @conftest.lst >&5
ar: `u' modifier ignored since `D' is the default (see `U')
configure:5728: $? = 0
configure:5733: ar cru libconftest.a @conftest.lst >&5
ar: `u' modifier ignored since `D' is the default (see `U')
ar: conftest.o: No such file or directory
configure:5736: $? = 1
configure:5748: result: @
configure:5806: checking for strip
configure:5822: found /usr/bin/strip
configure:5833: result: strip
configure:5905: checking for ranlib
configure:5921: found /usr/bin/ranlib
configure:5932: result: ranlib
configure:6034: checking command to parse /usr/bin/nm -B output from gcc object
configure:6154: gcc -c -g -O2  conftest.c >&5
configure:6157: $? = 0
configure:6161: /usr/bin/nm -B conftest.o \| sed -n -e 's/^.*[ ]\([ABCDGIRSTW][ABCDGIRSTW]*\)[ ][ ]*\([_A-Za-z][_A-Za-z0-9]*\)$/\1 \2 \2/p' | sed '/ __gnu_lto/d' \> conftest.nm
configure:6164: $? = 0
configure:6230: gcc -o conftest -g -O2   conftest.c conftstm.o >&5
configure:6233: $? = 0
configure:6271: result: ok
configure:6308: checking for sysroot
configure:6338: result: no
configure:6415: gcc -c -g -O2  conftest.c >&5
configure:6418: $? = 0
configure:6601: checking for mt
configure:6631: result: no
configure:6651: checking if : is a manifest tool
configure:6657: : '-?'
configure:6665: result: no
configure:7307: checking how to run the C preprocessor
configure:7338: gcc -E  conftest.c
configure:7338: $? = 0
configure:7352: gcc -E  conftest.c
conftest.c:11:28: fatal error: ac_nonexistent.h: No such file or directory
compilation terminated.
configure:7352: $? = 1
configure: failed program was:
| /* confdefs.h */
| #define PACKAGE_NAME "libodb"
| #define PACKAGE_TARNAME "libodb"
| #define PACKAGE_VERSION "2.3.0"
| #define PACKAGE_STRING "libodb 2.3.0"
| #define PACKAGE_BUGREPORT "odb-users@codesynthesis.com"
| #define PACKAGE_URL ""
| #define PACKAGE "libodb"
| #define VERSION "2.3.0"
| /* end confdefs.h.  */
| #include <ac_nonexistent.h>
configure:7377: result: gcc -E
configure:7397: gcc -E  conftest.c
configure:7397: $? = 0
configure:7411: gcc -E  conftest.c
conftest.c:11:28: fatal error: ac_nonexistent.h: No such file or directory
compilation terminated.
configure:7411: $? = 1
configure: failed program was:
| /* confdefs.h */
| #define PACKAGE_NAME "libodb"
| #define PACKAGE_TARNAME "libodb"
| #define PACKAGE_VERSION "2.3.0"
| #define PACKAGE_STRING "libodb 2.3.0"
| #define PACKAGE_BUGREPORT "odb-users@codesynthesis.com"
| #define PACKAGE_URL ""
| #define PACKAGE "libodb"
| #define VERSION "2.3.0"
| /* end confdefs.h.  */
| #include <ac_nonexistent.h>
configure:7440: checking for ANSI C header files
configure:7460: gcc -c -g -O2  conftest.c >&5
configure:7460: $? = 0
configure:7533: gcc -o conftest -g -O2   conftest.c  >&5
configure:7533: $? = 0
configure:7533: ./conftest
configure:7533: $? = 0
configure:7544: result: yes
configure:7557: checking for sys/types.h
configure:7557: gcc -c -g -O2  conftest.c >&5
configure:7557: $? = 0
configure:7557: result: yes
configure:7557: checking for sys/stat.h
configure:7557: gcc -c -g -O2  conftest.c >&5
configure:7557: $? = 0
configure:7557: result: yes
configure:7557: checking for stdlib.h
configure:7557: gcc -c -g -O2  conftest.c >&5
configure:7557: $? = 0
configure:7557: result: yes
configure:7557: checking for string.h
configure:7557: gcc -c -g -O2  conftest.c >&5
configure:7557: $? = 0
configure:7557: result: yes
configure:7557: checking for memory.h
configure:7557: gcc -c -g -O2  conftest.c >&5
configure:7557: $? = 0
configure:7557: result: yes
configure:7557: checking for strings.h
configure:7557: gcc -c -g -O2  conftest.c >&5
configure:7557: $? = 0
configure:7557: result: yes
configure:7557: checking for inttypes.h
configure:7557: gcc -c -g -O2  conftest.c >&5
configure:7557: $? = 0
configure:7557: result: yes
configure:7557: checking for stdint.h
configure:7557: gcc -c -g -O2  conftest.c >&5
configure:7557: $? = 0
configure:7557: result: yes
configure:7557: checking for unistd.h
configure:7557: gcc -c -g -O2  conftest.c >&5
configure:7557: $? = 0
configure:7557: result: yes
configure:7571: checking for dlfcn.h
configure:7571: gcc -c -g -O2  conftest.c >&5
configure:7571: $? = 0
configure:7571: result: yes
configure:8075: checking for objdir
configure:8090: result: .libs
configure:8361: checking if gcc supports -fno-rtti -fno-exceptions
configure:8379: gcc -c -g -O2  -fno-rtti -fno-exceptions conftest.c >&5
cc1: warning: command line option '-fno-rtti' is valid for C++/ObjC++ but not for C
configure:8383: $? = 0
configure:8396: result: no
configure:8723: checking for gcc option to produce PIC
configure:8730: result: -fPIC -DPIC
configure:8738: checking if gcc PIC flag -fPIC -DPIC works
configure:8756: gcc -c -g -O2  -fPIC -DPIC -DPIC conftest.c >&5
configure:8760: $? = 0
configure:8773: result: yes
configure:8802: checking if gcc static flag -static works
configure:8830: result: no
configure:8845: checking if gcc supports -c -o file.o
configure:8866: gcc -c -g -O2  -o out/conftest2.o conftest.c >&5
configure:8870: $? = 0
configure:8892: result: yes
configure:8900: checking if gcc supports -c -o file.o
configure:8947: result: yes
configure:8980: checking whether the gcc linker (/usr/bin/ld -m elf_x86_64) supports shared libraries
configure:10137: result: yes
configure:10174: checking whether -lc should be explicitly linked in
configure:10182: gcc -c -g -O2  conftest.c >&5
configure:10185: $? = 0
configure:10200: gcc -shared  -fPIC -DPIC conftest.o  -v -Wl,-soname -Wl,conftest -o conftest 2\>\&1 \| /usr/bin/grep  -lc  \>/dev/null 2\>\&1
configure:10203: $? = 0
configure:10217: result: no
configure:10377: checking dynamic linker characteristics
configure:10877: gcc -o conftest -g -O2   -Wl,-rpath -Wl,/foo conftest.c  >&5
configure:10877: $? = 0
configure:11111: result: GNU/Linux ld.so
configure:11218: checking how to hardcode library paths into programs
configure:11243: result: immediate
configure:11783: checking whether stripping libraries is possible
configure:11788: result: yes
configure:11823: checking if libtool supports shared libraries
configure:11825: result: yes
configure:11828: checking whether to build shared libraries
configure:11849: result: yes
configure:11852: checking whether to build static libraries
configure:11856: result: yes
configure:11956: checking for g++
configure:11972: found /usr/bin/g++
configure:11983: result: g++
configure:12010: checking for C++ compiler version
configure:12019: g++ --version >&5
g++ (GCC) 5.3.1 20151207 (Red Hat 5.3.1-2)
Copyright (C) 2015 Free Software Foundation, Inc.
This is free software; see the source for copying conditions.  There is NO
warranty; not even for MERCHANTABILITY or FITNESS FOR A PARTICULAR PURPOSE.

configure:12030: $? = 0
configure:12019: g++ -v >&5
Using built-in specs.
COLLECT_GCC=g++
COLLECT_LTO_WRAPPER=/usr/libexec/gcc/x86_64-redhat-linux/5.3.1/lto-wrapper
Target: x86_64-redhat-linux
Configured with: ../configure --enable-bootstrap --enable-languages=c,c++,objc,obj-c++,fortran,ada,go,lto --prefix=/usr --mandir=/usr/share/man --infodir=/usr/share/info --with-bugurl=http://bugzilla.redhat.com/bugzilla --enable-shared --enable-threads=posix --enable-checking=release --enable-multilib --with-system-zlib --enable-__cxa_atexit --disable-libunwind-exceptions --enable-gnu-unique-object --enable-linker-build-id --with-linker-hash-style=gnu --enable-plugin --enable-initfini-array --disable-libgcj --with-default-libstdcxx-abi=gcc4-compatible --with-isl --enable-libmpx --enable-gnu-indirect-function --with-tune=generic --with-arch_32=i686 --build=x86_64-redhat-linux
Thread model: posix
gcc version 5.3.1 20151207 (Red Hat 5.3.1-2) (GCC) 
configure:12030: $? = 0
configure:12019: g++ -V >&5
g++: error: unrecognized command line option '-V'
g++: fatal error: no input files
compilation terminated.
configure:12030: $? = 1
configure:12019: g++ -qversion >&5
g++: error: unrecognized command line option '-qversion'
g++: fatal error: no input files
compilation terminated.
configure:12030: $? = 1
configure:12034: checking whether we are using the GNU C++ compiler
configure:12053: g++ -c   conftest.cpp >&5
configure:12053: $? = 0
configure:12062: result: yes
configure:12071: checking whether g++ accepts -g
configure:12091: g++ -c -g  conftest.cpp >&5
configure:12091: $? = 0
configure:12132: result: yes
configure:12157: checking dependency style of g++
configure:12268: result: gcc3
configure:12301: checking how to run the C++ preprocessor
configure:12328: g++ -E  conftest.cpp
configure:12328: $? = 0
configure:12342: g++ -E  conftest.cpp
conftest.cpp:23:28: fatal error: ac_nonexistent.h: No such file or directory
compilation terminated.
configure:12342: $? = 1
configure: failed program was:
| /* confdefs.h */
| #define PACKAGE_NAME "libodb"
| #define PACKAGE_TARNAME "libodb"
| #define PACKAGE_VERSION "2.3.0"
| #define PACKAGE_STRING "libodb 2.3.0"
| #define PACKAGE_BUGREPORT "odb-users@codesynthesis.com"
| #define PACKAGE_URL ""
| #define PACKAGE "libodb"
| #define VERSION "2.3.0"
| #define STDC_HEADERS 1
| #define HAVE_SYS_TYPES_H 1
| #define HAVE_SYS_STAT_H 1
| #define HAVE_STDLIB_H 1
| #define HAVE_STRING_H 1
| #define HAVE_MEMORY_H 1
| #define HAVE_STRINGS_H 1
| #define HAVE_INTTYPES_H 1
| #define HAVE_STDINT_H 1
| #define HAVE_UNISTD_H 1
| #define HAVE_DLFCN_H 1
| #define LT_OBJDIR ".libs/"
| /* end confdefs.h.  */
| #include <ac_nonexistent.h>
configure:12367: result: g++ -E
configure:12387: g++ -E  conftest.cpp
configure:12387: $? = 0
configure:12401: g++ -E  conftest.cpp
conftest.cpp:23:28: fatal error: ac_nonexistent.h: No such file or directory
compilation terminated.
configure:12401: $? = 1
configure: failed program was:
| /* confdefs.h */
| #define PACKAGE_NAME "libodb"
| #define PACKAGE_TARNAME "libodb"
| #define PACKAGE_VERSION "2.3.0"
| #define PACKAGE_STRING "libodb 2.3.0"
| #define PACKAGE_BUGREPORT "odb-users@codesynthesis.com"
| #define PACKAGE_URL ""
| #define PACKAGE "libodb"
| #define VERSION "2.3.0"
| #define STDC_HEADERS 1
| #define HAVE_SYS_TYPES_H 1
| #define HAVE_SYS_STAT_H 1
| #define HAVE_STDLIB_H 1
| #define HAVE_STRING_H 1
| #define HAVE_MEMORY_H 1
| #define HAVE_STRINGS_H 1
| #define HAVE_INTTYPES_H 1
| #define HAVE_STDINT_H 1
| #define HAVE_UNISTD_H 1
| #define HAVE_DLFCN_H 1
| #define LT_OBJDIR ".libs/"
| /* end confdefs.h.  */
| #include <ac_nonexistent.h>
configure:12570: checking for ld used by g++
configure:12637: result: /usr/bin/ld -m elf_x86_64
configure:12644: checking if the linker (/usr/bin/ld -m elf_x86_64) is GNU ld
configure:12659: result: yes
configure:12714: checking whether the g++ linker (/usr/bin/ld -m elf_x86_64) supports shared libraries
configure:13716: result: yes
configure:13752: g++ -c -g -O2  conftest.cpp >&5
configure:13755: $? = 0
configure:14275: checking for g++ option to produce PIC
configure:14282: result: -fPIC -DPIC
configure:14290: checking if g++ PIC flag -fPIC -DPIC works
configure:14308: g++ -c -g -O2  -fPIC -DPIC -DPIC conftest.cpp >&5
configure:14312: $? = 0
configure:14325: result: yes
configure:14348: checking if g++ static flag -static works
configure:14376: result: no
configure:14388: checking if g++ supports -c -o file.o
configure:14409: g++ -c -g -O2  -o out/conftest2.o conftest.cpp >&5
configure:14413: $? = 0
configure:14435: result: yes
configure:14440: checking if g++ supports -c -o file.o
configure:14487: result: yes
configure:14517: checking whether the g++ linker (/usr/bin/ld -m elf_x86_64) supports shared libraries
configure:14556: result: yes
configure:14697: checking dynamic linker characteristics
configure:15365: result: GNU/Linux ld.so
configure:15418: checking how to hardcode library paths into programs
configure:15443: result: immediate
configure:15493: creating ./config.lt

## ------------------ ##
## Running config.lt. ##
## ------------------ ##
config.lt:682: creating libtool
configure:17376: checking for the pthreads library -lpthreads
configure:17410: g++ -o conftest -g -O2    conftest.cpp -lpthreads  >&5
/usr/bin/ld: cannot find -lpthreads
collect2: error: ld returned 1 exit status
configure:17410: $? = 1
configure: failed program was:
| /* confdefs.h */
| #define PACKAGE_NAME "libodb"
| #define PACKAGE_TARNAME "libodb"
| #define PACKAGE_VERSION "2.3.0"
| #define PACKAGE_STRING "libodb 2.3.0"
| #define PACKAGE_BUGREPORT "odb-users@codesynthesis.com"
| #define PACKAGE_URL ""
| #define PACKAGE "libodb"
| #define VERSION "2.3.0"
| #define STDC_HEADERS 1
| #define HAVE_SYS_TYPES_H 1
| #define HAVE_SYS_STAT_H 1
| #define HAVE_STDLIB_H 1
| #define HAVE_STRING_H 1
| #define HAVE_MEMORY_H 1
| #define HAVE_STRINGS_H 1
| #define HAVE_INTTYPES_H 1
| #define HAVE_STDINT_H 1
| #define HAVE_UNISTD_H 1
| #define HAVE_DLFCN_H 1
| #define LT_OBJDIR ".libs/"
| /* end confdefs.h.  */
| #include <pthread.h>
| int
| main ()
| {
| pthread_t th; pthread_join(th, 0);
|                      pthread_attr_init(0); pthread_cleanup_push(0, 0);
|                      pthread_create(0,0,0,0); pthread_cleanup_pop(0);
|   ;
|   return 0;
| }
configure:17419: result: no
configure:17376: checking for the pthreads library -lpthread
configure:17410: g++ -o conftest -g -O2    conftest.cpp -lpthread  >&5
configure:17410: $? = 0
configure:17419: result: yes
configure:17438: checking if more special flags are required for pthreads
configure:17447: result: -D_REENTRANT
configure:17490: checking for __thread keyword
configure:17521: g++ -c -g -O2 -D_REENTRANT   conftest.cpp >&5
configure:17521: $? = 0
configure:17528: ./libtool --tag=CXX --mode=link g++ -no-install -g -O2 -D_REENTRANT   -o conftest conftest.o  -lpthread >&5
libtool: link: g++ -g -O2 -D_REENTRANT -o conftest conftest.o  -lpthread
configure:17532: $? = 0
configure:17565: result: yes
configure:17656: checking whether to use rpath
configure:17665: result: yes
configure:17789: checking that generated files are newer than configure
configure:17795: result: done
configure:17838: creating ./config.status

## ---------------------- ##
## Running config.status. ##
## ---------------------- ##

This file was extended by libodb config.status 2.3.0, which was
generated by GNU Autoconf 2.69.  Invocation command line was

  CONFIG_FILES    = 
  CONFIG_HEADERS  = 
  CONFIG_LINKS    = 
  CONFIG_COMMANDS = 
  $ ./config.status 

on localhost.localdomain

config.status:1163: creating libodb.pc
config.status:1163: creating Makefile
config.status:1163: creating odb/Makefile
config.status:1163: creating odb/config.h
config.status:1163: creating odb/details/config.h
config.status:1392: executing depfiles commands
config.status:1392: executing libtool commands
config.status:1392: executing libtool-rpath-patch commands

## ---------------- ##
## Cache variables. ##
## ---------------- ##

ac_cv_build=x86_64-unknown-linux-gnu
ac_cv_c_compiler_gnu=yes
ac_cv_cxx_compiler_gnu=yes
ac_cv_env_CCC_set=
ac_cv_env_CCC_value=
ac_cv_env_CC_set=
ac_cv_env_CC_value=
ac_cv_env_CFLAGS_set=
ac_cv_env_CFLAGS_value=
ac_cv_env_CPPFLAGS_set=
ac_cv_env_CPPFLAGS_value=
ac_cv_env_CPP_set=
ac_cv_env_CPP_value=
ac_cv_env_CXXCPP_set=
ac_cv_env_CXXCPP_value=
ac_cv_env_CXXFLAGS_set=
ac_cv_env_CXXFLAGS_value=
ac_cv_env_CXX_set=
ac_cv_env_CXX_value=
ac_cv_env_LDFLAGS_set=
ac_cv_env_LDFLAGS_value=
ac_cv_env_LIBS_set=
ac_cv_env_LIBS_value=
ac_cv_env_build_alias_set=
ac_cv_env_build_alias_value=
ac_cv_env_host_alias_set=
ac_cv_env_host_alias_value=
ac_cv_env_target_alias_set=
ac_cv_env_target_alias_value=
ac_cv_header_dlfcn_h=yes
ac_cv_header_inttypes_h=yes
ac_cv_header_memory_h=yes
ac_cv_header_stdc=yes
ac_cv_header_stdint_h=yes
ac_cv_header_stdlib_h=yes
ac_cv_header_string_h=yes
ac_cv_header_strings_h=yes
ac_cv_header_sys_stat_h=yes
ac_cv_header_sys_types_h=yes
ac_cv_header_unistd_h=yes
ac_cv_host=x86_64-unknown-linux-gnu
ac_cv_objext=o
ac_cv_path_EGREP='/usr/bin/grep -E'
ac_cv_path_FGREP='/usr/bin/grep -F'
ac_cv_path_GREP=/usr/bin/grep
ac_cv_path_SED=/usr/bin/sed
ac_cv_path_install='/usr/bin/install -c'
ac_cv_path_mkdir=/usr/bin/mkdir
ac_cv_prog_AWK=gawk
ac_cv_prog_CPP='gcc -E'
ac_cv_prog_CXXCPP='g++ -E'
ac_cv_prog_ac_ct_AR=ar
ac_cv_prog_ac_ct_CC=gcc
ac_cv_prog_ac_ct_CXX=g++
ac_cv_prog_ac_ct_OBJDUMP=objdump
ac_cv_prog_ac_ct_RANLIB=ranlib
ac_cv_prog_ac_ct_STRIP=strip
ac_cv_prog_cc_c89=
ac_cv_prog_cc_g=yes
ac_cv_prog_cxx_g=yes
ac_cv_prog_make_make_set=yes
am_cv_CC_dependencies_compiler_type=gcc3
am_cv_CXX_dependencies_compiler_type=gcc3
am_cv_ar_interface=ar
am_cv_prog_tar_ustar=gnutar
lt_cv_ar_at_file=@
lt_cv_archive_cmds_need_lc=no
lt_cv_deplibs_check_method=pass_all
lt_cv_file_magic_cmd='$MAGIC_CMD'
lt_cv_file_magic_test_file=
lt_cv_ld_reload_flag=-r
lt_cv_nm_interface='BSD nm'
lt_cv_objdir=.libs
lt_cv_path_LD=/usr/bin/ld
lt_cv_path_LDCXX='/usr/bin/ld -m elf_x86_64'
lt_cv_path_NM='/usr/bin/nm -B'
lt_cv_path_mainfest_tool=no
lt_cv_prog_compiler_c_o=yes
lt_cv_prog_compiler_c_o_CXX=yes
lt_cv_prog_compiler_pic='-fPIC -DPIC'
lt_cv_prog_compiler_pic_CXX='-fPIC -DPIC'
lt_cv_prog_compiler_pic_works=yes
lt_cv_prog_compiler_pic_works_CXX=yes
lt_cv_prog_compiler_rtti_exceptions=no
lt_cv_prog_compiler_static_works=no
lt_cv_prog_compiler_static_works_CXX=no
lt_cv_prog_gnu_ld=yes
lt_cv_prog_gnu_ldcxx=yes
lt_cv_sharedlib_from_linklib_cmd='printf %s\n'
lt_cv_shlibpath_overrides_runpath=no
lt_cv_sys_global_symbol_pipe='sed -n -e '\''s/^.*[	 ]\([ABCDGIRSTW][ABCDGIRSTW]*\)[	 ][	 ]*\([_A-Za-z][_A-Za-z0-9]*\)$/\1 \2 \2/p'\'' | sed '\''/ __gnu_lto/d'\'''
lt_cv_sys_global_symbol_to_c_name_address='sed -n -e '\''s/^: \([^ ]*\)[ ]*$/  {\"\1\", (void *) 0},/p'\'' -e '\''s/^[ABCDGIRSTW]* \([^ ]*\) \([^ ]*\)$/  {"\2", (void *) \&\2},/p'\'''
lt_cv_sys_global_symbol_to_c_name_address_lib_prefix='sed -n -e '\''s/^: \([^ ]*\)[ ]*$/  {\"\1\", (void *) 0},/p'\'' -e '\''s/^[ABCDGIRSTW]* \([^ ]*\) \(lib[^ ]*\)$/  {"\2", (void *) \&\2},/p'\'' -e '\''s/^[ABCDGIRSTW]* \([^ ]*\) \([^ ]*\)$/  {"lib\2", (void *) \&\2},/p'\'''
lt_cv_sys_global_symbol_to_cdecl='sed -n -e '\''s/^T .* \(.*\)$/extern int \1();/p'\'' -e '\''s/^[ABCDGIRSTW]* .* \(.*\)$/extern char \1;/p'\'''
lt_cv_sys_max_cmd_len=1572864
lt_cv_to_host_file_cmd=func_convert_file_noop
lt_cv_to_tool_file_cmd=func_convert_file_noop

## ----------------- ##
## Output variables. ##
## ----------------- ##

ACLOCAL='${SHELL} /home/alastar/Загрузки/libodb-2.3.0/config/missing --run aclocal-1.12'
AMDEPBACKSLASH='\'
AMDEP_FALSE='#'
AMDEP_TRUE=''
AMTAR='$${TAR-tar}'
AR='ar'
AS='as'
AUTOCONF='${SHELL} /home/alastar/Загрузки/libodb-2.3.0/config/missing --run autoconf'
AUTOHEADER='${SHELL} /home/alastar/Загрузки/libodb-2.3.0/config/missing --run autoheader'
AUTOMAKE='${SHELL} /home/alastar/Загрузки/libodb-2.3.0/config/missing --run automake-1.12'
AWK='gawk'
CC='gcc'
CCDEPMODE='depmode=gcc3'
CFLAGS='-g -O2'
CPP='gcc -E'
CPPFLAGS=''
CXX='g++'
CXXCPP='g++ -E'
CXXDEPMODE='depmode=gcc3'
CXXFLAGS='-g -O2 -D_REENTRANT '
CYGPATH_W='echo'
DEFS='-DHAVE_CONFIG_H'
DEPDIR='.deps'
DLLTOOL='false'
DSYMUTIL=''
DUMPBIN=''
ECHO_C=''
ECHO_N='-n'
ECHO_T=''
EGREP='/usr/bin/grep -E'
EXEEXT=''
FGREP='/usr/bin/grep -F'
GREP='/usr/bin/grep'
INSTALL_DATA='${INSTALL} -m 644'
INSTALL_PROGRAM='${INSTALL}'
INSTALL_SCRIPT='${INSTALL}'
INSTALL_STRIP_PROGRAM='$(install_sh) -c -s'
LD='/usr/bin/ld -m elf_x86_64'
LDFLAGS=''
LIBOBJS=''
LIBS=' -lpthread'
LIBTOOL='$(SHELL) $(top_builddir)/libtool'
LIPO=''
LN_S='ln -s'
LTLIBOBJS=''
MAKEINFO='${SHELL} /home/alastar/Загрузки/libodb-2.3.0/config/missing --run makeinfo'
MANIFEST_TOOL=':'
MKDIR_P='/usr/bin/mkdir -p'
NM='/usr/bin/nm -B'
NMEDIT=''
OBJDUMP='objdump'
OBJEXT='o'
ODB_THREADS_NONE_FALSE=''
ODB_THREADS_NONE_TRUE='#'
ODB_THREADS_POSIX_FALSE='#'
ODB_THREADS_POSIX_TRUE=''
ODB_THREADS_WIN32_FALSE=''
ODB_THREADS_WIN32_TRUE='#'
ODB_WIN32_FALSE=''
ODB_WIN32_TRUE='#'
OTOOL64=''
OTOOL=''
PACKAGE='libodb'
PACKAGE_BUGREPORT='odb-users@codesynthesis.com'
PACKAGE_NAME='libodb'
PACKAGE_STRING='libodb 2.3.0'
PACKAGE_TARNAME='libodb'
PACKAGE_URL=''
PACKAGE_VERSION='2.3.0'
PATH_SEPARATOR=':'
PTHREAD_CXX=''
PTHREAD_CXXFLAGS='-D_REENTRANT '
PTHREAD_LIBS='-lpthread'
RANLIB='ranlib'
SED='/usr/bin/sed'
SET_MAKE=''
SHELL='/bin/sh'
STRIP='strip'
VERSION='2.3.0'
ac_ct_AR='ar'
ac_ct_CC='gcc'
ac_ct_CXX='g++'
ac_ct_DUMPBIN=''
acx_pthread_config=''
am__EXEEXT_FALSE=''
am__EXEEXT_TRUE='#'
am__fastdepCC_FALSE='#'
am__fastdepCC_TRUE=''
am__fastdepCXX_FALSE='#'
am__fastdepCXX_TRUE=''
am__include='include'
am__isrc=''
am__leading_dot='.'
am__nodep='_no'
am__quote=''
am__tar='tar --format=ustar -chf - "$$tardir"'
am__untar='tar -xf -'
bindir='${exec_prefix}/bin'
build='x86_64-unknown-linux-gnu'
build_alias=''
build_cpu='x86_64'
build_os='linux-gnu'
build_vendor='unknown'
datadir='${datarootdir}'
datarootdir='${prefix}/share'
docdir='${datarootdir}/doc/${PACKAGE_TARNAME}'
dvidir='${docdir}'
exec_prefix='${prefix}'
host='x86_64-unknown-linux-gnu'
host_alias=''
host_cpu='x86_64'
host_os='linux-gnu'
host_vendor='unknown'
htmldir='${docdir}'
includedir='${prefix}/include'
infodir='${datarootdir}/info'
install_sh='${SHELL} /home/alastar/Загрузки/libodb-2.3.0/config/install-sh'
libdir='${exec_prefix}/lib'
libexecdir='${exec_prefix}/libexec'
localedir='${datarootdir}/locale'
localstatedir='${prefix}/var'
mandir='${datarootdir}/man'
mkdir_p='$(MKDIR_P)'
oldincludedir='/usr/include'
pdfdir='${docdir}'
pkgconfigdir='${libdir}/pkgconfig'
prefix='/usr/local'
program_transform_name='s,x,x,'
psdir='${docdir}'
sbindir='${exec_prefix}/sbin'
sharedstatedir='${prefix}/com'
sysconfdir='${prefix}/etc'
target_alias=''

## ----------- ##
## confdefs.h. ##
## ----------- ##

/* confdefs.h */
#define PACKAGE_NAME "libodb"
#define PACKAGE_TARNAME "libodb"
#define PACKAGE_VERSION "2.3.0"
#define PACKAGE_STRING "libodb 2.3.0"
#define PACKAGE_BUGREPORT "odb-users@codesynthesis.com"
#define PACKAGE_URL ""
#define PACKAGE "libodb"
#define VERSION "2.3.0"
#define STDC_HEADERS 1
#define HAVE_SYS_TYPES_H 1
#define HAVE_SYS_STAT_H 1
#define HAVE_STDLIB_H 1
#define HAVE_STRING_H 1
#define HAVE_MEMORY_H 1
#define HAVE_STRINGS_H 1
#define HAVE_INTTYPES_H 1
#define HAVE_STDINT_H 1
#define HAVE_UNISTD_H 1
#define HAVE_DLFCN_H 1
#define LT_OBJDIR ".libs/"
#define HAVE_PTHREAD 1
#define ODB_THREADS_POSIX 1
#define ODB_THREADS_TLS_KEYWORD 1

configure: exit 0
