This file contains any messages produced by compilers while
running configure, to aid debugging if configure makes a mistake.

It was created by libodb-pgsql configure 2.3.0, which was
generated by GNU Autoconf 2.69.  Invocation command line was

  $ ./configure 

## --------- ##
## Platform. ##
## --------- ##

hostname = localhost.localdomain
uname -m = x86_64
uname -r = 4.0.4-301.fc22.x86_64
uname -s = Linux
uname -v = #1 SMP Thu May 21 13:10:33 UTC 2015

/usr/bin/uname -p = x86_64
/bin/uname -X     = unknown

/bin/arch              = x86_64
/usr/bin/arch -k       = unknown
/usr/convex/getsysinfo = unknown
/usr/bin/hostinfo      = unknown
/bin/machine           = unknown
/usr/bin/oslevel       = unknown
/bin/universe          = unknown

PATH: /usr/local/bin
PATH: /usr/local/sbin
PATH: /usr/bin
PATH: /usr/sbin
PATH: /bin
PATH: /sbin
PATH: /home/alastar/.local/bin
PATH: /home/alastar/bin


## ----------- ##
## Core tests. ##
## ----------- ##

configure:2306: checking for a BSD-compatible install
configure:2374: result: /usr/bin/install -c
configure:2385: checking whether build environment is sane
configure:2440: result: yes
configure:2591: checking for a thread-safe mkdir -p
configure:2630: result: /usr/bin/mkdir -p
configure:2637: checking for gawk
configure:2653: found /usr/bin/gawk
configure:2664: result: gawk
configure:2675: checking whether make sets $(MAKE)
configure:2697: result: yes
configure:2778: checking how to create a ustar tar archive
configure:2791: tar --version
tar (GNU tar) 1.28
Copyright (C) 2014 Free Software Foundation, Inc.
License GPLv3+: GNU GPL version 3 or later <http://gnu.org/licenses/gpl.html>.
This is free software: you are free to change and redistribute it.
There is NO WARRANTY, to the extent permitted by law.

Written by John Gilmore and Jay Fenlason.
configure:2794: $? = 0
configure:2834: tardir=conftest.dir && eval tar --format=ustar -chf - "$tardir" >conftest.tar
configure:2837: $? = 0
configure:2841: tar -xf - <conftest.tar
configure:2844: $? = 0
configure:2857: result: gnutar
configure:2876: checking for style of include used by make
configure:2904: result: GNU
configure:2975: checking for gcc
configure:2991: found /usr/bin/gcc
configure:3002: result: gcc
configure:3231: checking for C compiler version
configure:3240: gcc --version >&5
gcc (GCC) 5.3.1 20151207 (Red Hat 5.3.1-2)
Copyright (C) 2015 Free Software Foundation, Inc.
This is free software; see the source for copying conditions.  There is NO
warranty; not even for MERCHANTABILITY or FITNESS FOR A PARTICULAR PURPOSE.

configure:3251: $? = 0
configure:3240: gcc -v >&5
Using built-in specs.
COLLECT_GCC=gcc
COLLECT_LTO_WRAPPER=/usr/libexec/gcc/x86_64-redhat-linux/5.3.1/lto-wrapper
Target: x86_64-redhat-linux
Configured with: ../configure --enable-bootstrap --enable-languages=c,c++,objc,obj-c++,fortran,ada,go,lto --prefix=/usr --mandir=/usr/share/man --infodir=/usr/share/info --with-bugurl=http://bugzilla.redhat.com/bugzilla --enable-shared --enable-threads=posix --enable-checking=release --enable-multilib --with-system-zlib --enable-__cxa_atexit --disable-libunwind-exceptions --enable-gnu-unique-object --enable-linker-build-id --with-linker-hash-style=gnu --enable-plugin --enable-initfini-array --disable-libgcj --with-default-libstdcxx-abi=gcc4-compatible --with-isl --enable-libmpx --enable-gnu-indirect-function --with-tune=generic --with-arch_32=i686 --build=x86_64-redhat-linux
Thread model: posix
gcc version 5.3.1 20151207 (Red Hat 5.3.1-2) (GCC) 
configure:3251: $? = 0
configure:3240: gcc -V >&5
gcc: error: unrecognized command line option '-V'
gcc: fatal error: no input files
compilation terminated.
configure:3251: $? = 1
configure:3240: gcc -qversion >&5
gcc: error: unrecognized command line option '-qversion'
gcc: fatal error: no input files
compilation terminated.
configure:3251: $? = 1
configure:3271: checking whether the C compiler works
configure:3293: gcc    conftest.c  >&5
configure:3297: $? = 0
configure:3345: result: yes
configure:3348: checking for C compiler default output file name
configure:3350: result: a.out
configure:3356: checking for suffix of executables
configure:3363: gcc -o conftest    conftest.c  >&5
configure:3367: $? = 0
configure:3389: result: 
configure:3411: checking whether we are cross compiling
configure:3419: gcc -o conftest    conftest.c  >&5
configure:3423: $? = 0
configure:3430: ./conftest
configure:3434: $? = 0
configure:3449: result: no
configure:3454: checking for suffix of object files
configure:3476: gcc -c   conftest.c >&5
configure:3480: $? = 0
configure:3501: result: o
configure:3505: checking whether we are using the GNU C compiler
configure:3524: gcc -c   conftest.c >&5
configure:3524: $? = 0
configure:3533: result: yes
configure:3542: checking whether gcc accepts -g
configure:3562: gcc -c -g  conftest.c >&5
configure:3562: $? = 0
configure:3603: result: yes
configure:3620: checking for gcc option to accept ISO C89
configure:3683: gcc  -c -g -O2  conftest.c >&5
configure:3683: $? = 0
configure:3696: result: none needed
configure:3718: checking dependency style of gcc
configure:3829: result: gcc3
configure:3894: checking for ar
configure:3910: found /usr/bin/ar
configure:3921: result: ar
configure:3947: checking the archiver (ar) interface
configure:3957: gcc -c -g -O2  conftest.c >&5
configure:3957: $? = 0
configure:3959: ar cru libconftest.a conftest.o >&5
ar: `u' modifier ignored since `D' is the default (see `U')
configure:3962: $? = 0
configure:3985: result: ar
configure:4035: checking build system type
configure:4049: result: x86_64-unknown-linux-gnu
configure:4069: checking host system type
configure:4082: result: x86_64-unknown-linux-gnu
configure:4123: checking how to print strings
configure:4150: result: printf
configure:4171: checking for a sed that does not truncate output
configure:4235: result: /usr/bin/sed
configure:4253: checking for grep that handles long lines and -e
configure:4311: result: /usr/bin/grep
configure:4316: checking for egrep
configure:4378: result: /usr/bin/grep -E
configure:4383: checking for fgrep
configure:4445: result: /usr/bin/grep -F
configure:4480: checking for ld used by gcc
configure:4547: result: /usr/bin/ld
configure:4554: checking if the linker (/usr/bin/ld) is GNU ld
configure:4569: result: yes
configure:4581: checking for BSD- or MS-compatible name lister (nm)
configure:4630: result: /usr/bin/nm -B
configure:4760: checking the name lister (/usr/bin/nm -B) interface
configure:4767: gcc -c -g -O2  conftest.c >&5
configure:4770: /usr/bin/nm -B "conftest.o"
configure:4773: output
0000000000000000 B some_variable
configure:4780: result: BSD nm
configure:4783: checking whether ln -s works
configure:4787: result: yes
configure:4795: checking the maximum length of command line arguments
configure:4926: result: 1572864
configure:4943: checking whether the shell understands some XSI constructs
configure:4953: result: yes
configure:4957: checking whether the shell understands "+="
configure:4963: result: yes
configure:4998: checking how to convert x86_64-unknown-linux-gnu file names to x86_64-unknown-linux-gnu format
configure:5038: result: func_convert_file_noop
configure:5045: checking how to convert x86_64-unknown-linux-gnu file names to toolchain format
configure:5065: result: func_convert_file_noop
configure:5072: checking for /usr/bin/ld option to reload object files
configure:5079: result: -r
configure:5153: checking for objdump
configure:5169: found /usr/bin/objdump
configure:5180: result: objdump
configure:5209: checking how to recognize dependent libraries
configure:5407: result: pass_all
configure:5492: checking for dlltool
configure:5522: result: no
configure:5549: checking how to associate runtime and link libraries
configure:5576: result: printf %s\n
configure:5700: checking for archiver @FILE support
configure:5717: gcc -c -g -O2  conftest.c >&5
configure:5717: $? = 0
configure:5720: ar cru libconftest.a @conftest.lst >&5
ar: `u' modifier ignored since `D' is the default (see `U')
configure:5723: $? = 0
configure:5728: ar cru libconftest.a @conftest.lst >&5
ar: `u' modifier ignored since `D' is the default (see `U')
ar: conftest.o: No such file or directory
configure:5731: $? = 1
configure:5743: result: @
configure:5801: checking for strip
configure:5817: found /usr/bin/strip
configure:5828: result: strip
configure:5900: checking for ranlib
configure:5916: found /usr/bin/ranlib
configure:5927: result: ranlib
configure:6029: checking command to parse /usr/bin/nm -B output from gcc object
configure:6149: gcc -c -g -O2  conftest.c >&5
configure:6152: $? = 0
configure:6156: /usr/bin/nm -B conftest.o \| sed -n -e 's/^.*[ ]\([ABCDGIRSTW][ABCDGIRSTW]*\)[ ][ ]*\([_A-Za-z][_A-Za-z0-9]*\)$/\1 \2 \2/p' | sed '/ __gnu_lto/d' \> conftest.nm
configure:6159: $? = 0
configure:6225: gcc -o conftest -g -O2   conftest.c conftstm.o >&5
configure:6228: $? = 0
configure:6266: result: ok
configure:6303: checking for sysroot
configure:6333: result: no
configure:6410: gcc -c -g -O2  conftest.c >&5
configure:6413: $? = 0
configure:6596: checking for mt
configure:6626: result: no
configure:6646: checking if : is a manifest tool
configure:6652: : '-?'
configure:6660: result: no
configure:7302: checking how to run the C preprocessor
configure:7333: gcc -E  conftest.c
configure:7333: $? = 0
configure:7347: gcc -E  conftest.c
conftest.c:11:28: fatal error: ac_nonexistent.h: No such file or directory
compilation terminated.
configure:7347: $? = 1
configure: failed program was:
| /* confdefs.h */
| #define PACKAGE_NAME "libodb-pgsql"
| #define PACKAGE_TARNAME "libodb-pgsql"
| #define PACKAGE_VERSION "2.3.0"
| #define PACKAGE_STRING "libodb-pgsql 2.3.0"
| #define PACKAGE_BUGREPORT "odb-users@codesynthesis.com"
| #define PACKAGE_URL ""
| #define PACKAGE "libodb-pgsql"
| #define VERSION "2.3.0"
| /* end confdefs.h.  */
| #include <ac_nonexistent.h>
configure:7372: result: gcc -E
configure:7392: gcc -E  conftest.c
configure:7392: $? = 0
configure:7406: gcc -E  conftest.c
conftest.c:11:28: fatal error: ac_nonexistent.h: No such file or directory
compilation terminated.
configure:7406: $? = 1
configure: failed program was:
| /* confdefs.h */
| #define PACKAGE_NAME "libodb-pgsql"
| #define PACKAGE_TARNAME "libodb-pgsql"
| #define PACKAGE_VERSION "2.3.0"
| #define PACKAGE_STRING "libodb-pgsql 2.3.0"
| #define PACKAGE_BUGREPORT "odb-users@codesynthesis.com"
| #define PACKAGE_URL ""
| #define PACKAGE "libodb-pgsql"
| #define VERSION "2.3.0"
| /* end confdefs.h.  */
| #include <ac_nonexistent.h>
configure:7435: checking for ANSI C header files
configure:7455: gcc -c -g -O2  conftest.c >&5
configure:7455: $? = 0
configure:7528: gcc -o conftest -g -O2   conftest.c  >&5
configure:7528: $? = 0
configure:7528: ./conftest
configure:7528: $? = 0
configure:7539: result: yes
configure:7552: checking for sys/types.h
configure:7552: gcc -c -g -O2  conftest.c >&5
configure:7552: $? = 0
configure:7552: result: yes
configure:7552: checking for sys/stat.h
configure:7552: gcc -c -g -O2  conftest.c >&5
configure:7552: $? = 0
configure:7552: result: yes
configure:7552: checking for stdlib.h
configure:7552: gcc -c -g -O2  conftest.c >&5
configure:7552: $? = 0
configure:7552: result: yes
configure:7552: checking for string.h
configure:7552: gcc -c -g -O2  conftest.c >&5
configure:7552: $? = 0
configure:7552: result: yes
configure:7552: checking for memory.h
configure:7552: gcc -c -g -O2  conftest.c >&5
configure:7552: $? = 0
configure:7552: result: yes
configure:7552: checking for strings.h
configure:7552: gcc -c -g -O2  conftest.c >&5
configure:7552: $? = 0
configure:7552: result: yes
configure:7552: checking for inttypes.h
configure:7552: gcc -c -g -O2  conftest.c >&5
configure:7552: $? = 0
configure:7552: result: yes
configure:7552: checking for stdint.h
configure:7552: gcc -c -g -O2  conftest.c >&5
configure:7552: $? = 0
configure:7552: result: yes
configure:7552: checking for unistd.h
configure:7552: gcc -c -g -O2  conftest.c >&5
configure:7552: $? = 0
configure:7552: result: yes
configure:7566: checking for dlfcn.h
configure:7566: gcc -c -g -O2  conftest.c >&5
configure:7566: $? = 0
configure:7566: result: yes
configure:8070: checking for objdir
configure:8085: result: .libs
configure:8356: checking if gcc supports -fno-rtti -fno-exceptions
configure:8374: gcc -c -g -O2  -fno-rtti -fno-exceptions conftest.c >&5
cc1: warning: command line option '-fno-rtti' is valid for C++/ObjC++ but not for C
configure:8378: $? = 0
configure:8391: result: no
configure:8718: checking for gcc option to produce PIC
configure:8725: result: -fPIC -DPIC
configure:8733: checking if gcc PIC flag -fPIC -DPIC works
configure:8751: gcc -c -g -O2  -fPIC -DPIC -DPIC conftest.c >&5
configure:8755: $? = 0
configure:8768: result: yes
configure:8797: checking if gcc static flag -static works
configure:8825: result: no
configure:8840: checking if gcc supports -c -o file.o
configure:8861: gcc -c -g -O2  -o out/conftest2.o conftest.c >&5
configure:8865: $? = 0
configure:8887: result: yes
configure:8895: checking if gcc supports -c -o file.o
configure:8942: result: yes
configure:8975: checking whether the gcc linker (/usr/bin/ld -m elf_x86_64) supports shared libraries
configure:10132: result: yes
configure:10169: checking whether -lc should be explicitly linked in
configure:10177: gcc -c -g -O2  conftest.c >&5
configure:10180: $? = 0
configure:10195: gcc -shared  -fPIC -DPIC conftest.o  -v -Wl,-soname -Wl,conftest -o conftest 2\>\&1 \| /usr/bin/grep  -lc  \>/dev/null 2\>\&1
configure:10198: $? = 0
configure:10212: result: no
configure:10372: checking dynamic linker characteristics
configure:10872: gcc -o conftest -g -O2   -Wl,-rpath -Wl,/foo conftest.c  >&5
configure:10872: $? = 0
configure:11106: result: GNU/Linux ld.so
configure:11213: checking how to hardcode library paths into programs
configure:11238: result: immediate
configure:11778: checking whether stripping libraries is possible
configure:11783: result: yes
configure:11818: checking if libtool supports shared libraries
configure:11820: result: yes
configure:11823: checking whether to build shared libraries
configure:11844: result: yes
configure:11847: checking whether to build static libraries
configure:11851: result: yes
configure:11951: checking for g++
configure:11967: found /usr/bin/g++
configure:11978: result: g++
configure:12005: checking for C++ compiler version
configure:12014: g++ --version >&5
g++ (GCC) 5.3.1 20151207 (Red Hat 5.3.1-2)
Copyright (C) 2015 Free Software Foundation, Inc.
This is free software; see the source for copying conditions.  There is NO
warranty; not even for MERCHANTABILITY or FITNESS FOR A PARTICULAR PURPOSE.

configure:12025: $? = 0
configure:12014: g++ -v >&5
Using built-in specs.
COLLECT_GCC=g++
COLLECT_LTO_WRAPPER=/usr/libexec/gcc/x86_64-redhat-linux/5.3.1/lto-wrapper
Target: x86_64-redhat-linux
Configured with: ../configure --enable-bootstrap --enable-languages=c,c++,objc,obj-c++,fortran,ada,go,lto --prefix=/usr --mandir=/usr/share/man --infodir=/usr/share/info --with-bugurl=http://bugzilla.redhat.com/bugzilla --enable-shared --enable-threads=posix --enable-checking=release --enable-multilib --with-system-zlib --enable-__cxa_atexit --disable-libunwind-exceptions --enable-gnu-unique-object --enable-linker-build-id --with-linker-hash-style=gnu --enable-plugin --enable-initfini-array --disable-libgcj --with-default-libstdcxx-abi=gcc4-compatible --with-isl --enable-libmpx --enable-gnu-indirect-function --with-tune=generic --with-arch_32=i686 --build=x86_64-redhat-linux
Thread model: posix
gcc version 5.3.1 20151207 (Red Hat 5.3.1-2) (GCC) 
configure:12025: $? = 0
configure:12014: g++ -V >&5
g++: error: unrecognized command line option '-V'
g++: fatal error: no input files
compilation terminated.
configure:12025: $? = 1
configure:12014: g++ -qversion >&5
g++: error: unrecognized command line option '-qversion'
g++: fatal error: no input files
compilation terminated.
configure:12025: $? = 1
configure:12029: checking whether we are using the GNU C++ compiler
configure:12048: g++ -c   conftest.cpp >&5
configure:12048: $? = 0
configure:12057: result: yes
configure:12066: checking whether g++ accepts -g
configure:12086: g++ -c -g  conftest.cpp >&5
configure:12086: $? = 0
configure:12127: result: yes
configure:12152: checking dependency style of g++
configure:12263: result: gcc3
configure:12296: checking how to run the C++ preprocessor
configure:12323: g++ -E  conftest.cpp
configure:12323: $? = 0
configure:12337: g++ -E  conftest.cpp
conftest.cpp:23:28: fatal error: ac_nonexistent.h: No such file or directory
compilation terminated.
configure:12337: $? = 1
configure: failed program was:
| /* confdefs.h */
| #define PACKAGE_NAME "libodb-pgsql"
| #define PACKAGE_TARNAME "libodb-pgsql"
| #define PACKAGE_VERSION "2.3.0"
| #define PACKAGE_STRING "libodb-pgsql 2.3.0"
| #define PACKAGE_BUGREPORT "odb-users@codesynthesis.com"
| #define PACKAGE_URL ""
| #define PACKAGE "libodb-pgsql"
| #define VERSION "2.3.0"
| #define STDC_HEADERS 1
| #define HAVE_SYS_TYPES_H 1
| #define HAVE_SYS_STAT_H 1
| #define HAVE_STDLIB_H 1
| #define HAVE_STRING_H 1
| #define HAVE_MEMORY_H 1
| #define HAVE_STRINGS_H 1
| #define HAVE_INTTYPES_H 1
| #define HAVE_STDINT_H 1
| #define HAVE_UNISTD_H 1
| #define HAVE_DLFCN_H 1
| #define LT_OBJDIR ".libs/"
| /* end confdefs.h.  */
| #include <ac_nonexistent.h>
configure:12362: result: g++ -E
configure:12382: g++ -E  conftest.cpp
configure:12382: $? = 0
configure:12396: g++ -E  conftest.cpp
conftest.cpp:23:28: fatal error: ac_nonexistent.h: No such file or directory
compilation terminated.
configure:12396: $? = 1
configure: failed program was:
| /* confdefs.h */
| #define PACKAGE_NAME "libodb-pgsql"
| #define PACKAGE_TARNAME "libodb-pgsql"
| #define PACKAGE_VERSION "2.3.0"
| #define PACKAGE_STRING "libodb-pgsql 2.3.0"
| #define PACKAGE_BUGREPORT "odb-users@codesynthesis.com"
| #define PACKAGE_URL ""
| #define PACKAGE "libodb-pgsql"
| #define VERSION "2.3.0"
| #define STDC_HEADERS 1
| #define HAVE_SYS_TYPES_H 1
| #define HAVE_SYS_STAT_H 1
| #define HAVE_STDLIB_H 1
| #define HAVE_STRING_H 1
| #define HAVE_MEMORY_H 1
| #define HAVE_STRINGS_H 1
| #define HAVE_INTTYPES_H 1
| #define HAVE_STDINT_H 1
| #define HAVE_UNISTD_H 1
| #define HAVE_DLFCN_H 1
| #define LT_OBJDIR ".libs/"
| /* end confdefs.h.  */
| #include <ac_nonexistent.h>
configure:12565: checking for ld used by g++
configure:12632: result: /usr/bin/ld -m elf_x86_64
configure:12639: checking if the linker (/usr/bin/ld -m elf_x86_64) is GNU ld
configure:12654: result: yes
configure:12709: checking whether the g++ linker (/usr/bin/ld -m elf_x86_64) supports shared libraries
configure:13711: result: yes
configure:13747: g++ -c -g -O2  conftest.cpp >&5
configure:13750: $? = 0
configure:14270: checking for g++ option to produce PIC
configure:14277: result: -fPIC -DPIC
configure:14285: checking if g++ PIC flag -fPIC -DPIC works
configure:14303: g++ -c -g -O2  -fPIC -DPIC -DPIC conftest.cpp >&5
configure:14307: $? = 0
configure:14320: result: yes
configure:14343: checking if g++ static flag -static works
configure:14371: result: no
configure:14383: checking if g++ supports -c -o file.o
configure:14404: g++ -c -g -O2  -o out/conftest2.o conftest.cpp >&5
configure:14408: $? = 0
configure:14430: result: yes
configure:14435: checking if g++ supports -c -o file.o
configure:14482: result: yes
configure:14512: checking whether the g++ linker (/usr/bin/ld -m elf_x86_64) supports shared libraries
configure:14551: result: yes
configure:14692: checking dynamic linker characteristics
configure:15360: result: GNU/Linux ld.so
configure:15413: checking how to hardcode library paths into programs
configure:15438: result: immediate
configure:15488: creating ./config.lt

## ------------------ ##
## Running config.lt. ##
## ------------------ ##
config.lt:682: creating libtool
configure:17353: checking for the pthreads library -lpthreads
configure:17387: g++ -o conftest -g -O2    conftest.cpp -lpthreads  >&5
/usr/bin/ld: cannot find -lpthreads
collect2: error: ld returned 1 exit status
configure:17387: $? = 1
configure: failed program was:
| /* confdefs.h */
| #define PACKAGE_NAME "libodb-pgsql"
| #define PACKAGE_TARNAME "libodb-pgsql"
| #define PACKAGE_VERSION "2.3.0"
| #define PACKAGE_STRING "libodb-pgsql 2.3.0"
| #define PACKAGE_BUGREPORT "odb-users@codesynthesis.com"
| #define PACKAGE_URL ""
| #define PACKAGE "libodb-pgsql"
| #define VERSION "2.3.0"
| #define STDC_HEADERS 1
| #define HAVE_SYS_TYPES_H 1
| #define HAVE_SYS_STAT_H 1
| #define HAVE_STDLIB_H 1
| #define HAVE_STRING_H 1
| #define HAVE_MEMORY_H 1
| #define HAVE_STRINGS_H 1
| #define HAVE_INTTYPES_H 1
| #define HAVE_STDINT_H 1
| #define HAVE_UNISTD_H 1
| #define HAVE_DLFCN_H 1
| #define LT_OBJDIR ".libs/"
| /* end confdefs.h.  */
| #include <pthread.h>
| int
| main ()
| {
| pthread_t th; pthread_join(th, 0);
|                      pthread_attr_init(0); pthread_cleanup_push(0, 0);
|                      pthread_create(0,0,0,0); pthread_cleanup_pop(0);
|   ;
|   return 0;
| }
configure:17396: result: no
configure:17353: checking for the pthreads library -lpthread
configure:17387: g++ -o conftest -g -O2    conftest.cpp -lpthread  >&5
configure:17387: $? = 0
configure:17396: result: yes
configure:17415: checking if more special flags are required for pthreads
configure:17424: result: -D_REENTRANT
configure:17467: checking for __thread keyword
configure:17498: g++ -c -g -O2 -D_REENTRANT   conftest.cpp >&5
configure:17498: $? = 0
configure:17505: ./libtool --tag=CXX --mode=link g++ -no-install -g -O2 -D_REENTRANT   -o conftest conftest.o  -lpthread >&5
libtool: link: g++ -g -O2 -D_REENTRANT -o conftest conftest.o  -lpthread
configure:17509: $? = 0
configure:17542: result: yes
configure:17561: checking for pg_config
configure:17579: found /usr/bin/pg_config
configure:17591: result: /usr/bin/pg_config
configure:17600: checking for libpq
configure:17639: g++ -c -g -O2 -D_REENTRANT   conftest.cpp >&5
configure:17639: $? = 0
configure:17646: ./libtool --tag=CXX --mode=link g++ -no-install -g -O2 -D_REENTRANT   -o conftest conftest.o -lpq  -lpthread >&5
libtool: link: g++ -g -O2 -D_REENTRANT -o conftest conftest.o  -lpq -lpthread
configure:17650: $? = 0
configure:17784: result: yes
configure:17809: checking for libodb
configure:17883: g++ -c -g -O2 -D_REENTRANT   conftest.cpp >&5
configure:17883: $? = 0
configure:17890: ./libtool --tag=CXX --mode=link g++ -no-install -g -O2 -D_REENTRANT   -o conftest conftest.o -lodb -lpq  -lpthread >&5
libtool: link: g++ -g -O2 -D_REENTRANT -o conftest conftest.o  -lodb -lpq -lpthread
configure:17894: $? = 0
configure:17937: result: yes
configure:17980: checking whether to use rpath
configure:17989: result: yes
configure:18113: checking that generated files are newer than configure
configure:18119: result: done
configure:18146: creating ./config.status

## ---------------------- ##
## Running config.status. ##
## ---------------------- ##

This file was extended by libodb-pgsql config.status 2.3.0, which was
generated by GNU Autoconf 2.69.  Invocation command line was

  CONFIG_FILES    = 
  CONFIG_HEADERS  = 
  CONFIG_LINKS    = 
  CONFIG_COMMANDS = 
  $ ./config.status 

on localhost.localdomain

config.status:1154: creating libodb-pgsql.pc
config.status:1154: creating Makefile
config.status:1154: creating odb/pgsql/Makefile
config.status:1154: creating odb/pgsql/config.h
config.status:1154: creating odb/pgsql/details/config.h
config.status:1383: executing depfiles commands
config.status:1383: executing libtool commands
config.status:1383: executing libtool-rpath-patch commands

## ---------------- ##
## Cache variables. ##
## ---------------- ##

ac_cv_build=x86_64-unknown-linux-gnu
ac_cv_c_compiler_gnu=yes
ac_cv_cxx_compiler_gnu=yes
ac_cv_env_CCC_set=
ac_cv_env_CCC_value=
ac_cv_env_CC_set=
ac_cv_env_CC_value=
ac_cv_env_CFLAGS_set=
ac_cv_env_CFLAGS_value=
ac_cv_env_CPPFLAGS_set=
ac_cv_env_CPPFLAGS_value=
ac_cv_env_CPP_set=
ac_cv_env_CPP_value=
ac_cv_env_CXXCPP_set=
ac_cv_env_CXXCPP_value=
ac_cv_env_CXXFLAGS_set=
ac_cv_env_CXXFLAGS_value=
ac_cv_env_CXX_set=
ac_cv_env_CXX_value=
ac_cv_env_LDFLAGS_set=
ac_cv_env_LDFLAGS_value=
ac_cv_env_LIBS_set=
ac_cv_env_LIBS_value=
ac_cv_env_build_alias_set=
ac_cv_env_build_alias_value=
ac_cv_env_host_alias_set=
ac_cv_env_host_alias_value=
ac_cv_env_target_alias_set=
ac_cv_env_target_alias_value=
ac_cv_header_dlfcn_h=yes
ac_cv_header_inttypes_h=yes
ac_cv_header_memory_h=yes
ac_cv_header_stdc=yes
ac_cv_header_stdint_h=yes
ac_cv_header_stdlib_h=yes
ac_cv_header_string_h=yes
ac_cv_header_strings_h=yes
ac_cv_header_sys_stat_h=yes
ac_cv_header_sys_types_h=yes
ac_cv_header_unistd_h=yes
ac_cv_host=x86_64-unknown-linux-gnu
ac_cv_objext=o
ac_cv_path_EGREP='/usr/bin/grep -E'
ac_cv_path_FGREP='/usr/bin/grep -F'
ac_cv_path_GREP=/usr/bin/grep
ac_cv_path_SED=/usr/bin/sed
ac_cv_path_install='/usr/bin/install -c'
ac_cv_path_mkdir=/usr/bin/mkdir
ac_cv_path_pg_config=/usr/bin/pg_config
ac_cv_prog_AWK=gawk
ac_cv_prog_CPP='gcc -E'
ac_cv_prog_CXXCPP='g++ -E'
ac_cv_prog_ac_ct_AR=ar
ac_cv_prog_ac_ct_CC=gcc
ac_cv_prog_ac_ct_CXX=g++
ac_cv_prog_ac_ct_OBJDUMP=objdump
ac_cv_prog_ac_ct_RANLIB=ranlib
ac_cv_prog_ac_ct_STRIP=strip
ac_cv_prog_cc_c89=
ac_cv_prog_cc_g=yes
ac_cv_prog_cxx_g=yes
ac_cv_prog_make_make_set=yes
am_cv_CC_dependencies_compiler_type=gcc3
am_cv_CXX_dependencies_compiler_type=gcc3
am_cv_ar_interface=ar
am_cv_prog_tar_ustar=gnutar
lt_cv_ar_at_file=@
lt_cv_archive_cmds_need_lc=no
lt_cv_deplibs_check_method=pass_all
lt_cv_file_magic_cmd='$MAGIC_CMD'
lt_cv_file_magic_test_file=
lt_cv_ld_reload_flag=-r
lt_cv_nm_interface='BSD nm'
lt_cv_objdir=.libs
lt_cv_path_LD=/usr/bin/ld
lt_cv_path_LDCXX='/usr/bin/ld -m elf_x86_64'
lt_cv_path_NM='/usr/bin/nm -B'
lt_cv_path_mainfest_tool=no
lt_cv_prog_compiler_c_o=yes
lt_cv_prog_compiler_c_o_CXX=yes
lt_cv_prog_compiler_pic='-fPIC -DPIC'
lt_cv_prog_compiler_pic_CXX='-fPIC -DPIC'
lt_cv_prog_compiler_pic_works=yes
lt_cv_prog_compiler_pic_works_CXX=yes
lt_cv_prog_compiler_rtti_exceptions=no
lt_cv_prog_compiler_static_works=no
lt_cv_prog_compiler_static_works_CXX=no
lt_cv_prog_gnu_ld=yes
lt_cv_prog_gnu_ldcxx=yes
lt_cv_sharedlib_from_linklib_cmd='printf %s\n'
lt_cv_shlibpath_overrides_runpath=no
lt_cv_sys_global_symbol_pipe='sed -n -e '\''s/^.*[	 ]\([ABCDGIRSTW][ABCDGIRSTW]*\)[	 ][	 ]*\([_A-Za-z][_A-Za-z0-9]*\)$/\1 \2 \2/p'\'' | sed '\''/ __gnu_lto/d'\'''
lt_cv_sys_global_symbol_to_c_name_address='sed -n -e '\''s/^: \([^ ]*\)[ ]*$/  {\"\1\", (void *) 0},/p'\'' -e '\''s/^[ABCDGIRSTW]* \([^ ]*\) \([^ ]*\)$/  {"\2", (void *) \&\2},/p'\'''
lt_cv_sys_global_symbol_to_c_name_address_lib_prefix='sed -n -e '\''s/^: \([^ ]*\)[ ]*$/  {\"\1\", (void *) 0},/p'\'' -e '\''s/^[ABCDGIRSTW]* \([^ ]*\) \(lib[^ ]*\)$/  {"\2", (void *) \&\2},/p'\'' -e '\''s/^[ABCDGIRSTW]* \([^ ]*\) \([^ ]*\)$/  {"lib\2", (void *) \&\2},/p'\'''
lt_cv_sys_global_symbol_to_cdecl='sed -n -e '\''s/^T .* \(.*\)$/extern int \1();/p'\'' -e '\''s/^[ABCDGIRSTW]* .* \(.*\)$/extern char \1;/p'\'''
lt_cv_sys_max_cmd_len=1572864
lt_cv_to_host_file_cmd=func_convert_file_noop
lt_cv_to_tool_file_cmd=func_convert_file_noop

## ----------------- ##
## Output variables. ##
## ----------------- ##

ACLOCAL='${SHELL} /home/alastar/Загрузки/libodb-pgsql-2.3.0/config/missing --run aclocal-1.12'
AMDEPBACKSLASH='\'
AMDEP_FALSE='#'
AMDEP_TRUE=''
AMTAR='$${TAR-tar}'
AR='ar'
AS='as'
AUTOCONF='${SHELL} /home/alastar/Загрузки/libodb-pgsql-2.3.0/config/missing --run autoconf'
AUTOHEADER='${SHELL} /home/alastar/Загрузки/libodb-pgsql-2.3.0/config/missing --run autoheader'
AUTOMAKE='${SHELL} /home/alastar/Загрузки/libodb-pgsql-2.3.0/config/missing --run automake-1.12'
AWK='gawk'
CC='gcc'
CCDEPMODE='depmode=gcc3'
CFLAGS='-g -O2'
CPP='gcc -E'
CPPFLAGS=''
CXX='g++'
CXXCPP='g++ -E'
CXXDEPMODE='depmode=gcc3'
CXXFLAGS='-g -O2 -D_REENTRANT '
CYGPATH_W='echo'
DEFS='-DHAVE_CONFIG_H'
DEPDIR='.deps'
DLLTOOL='false'
DSYMUTIL=''
DUMPBIN=''
ECHO_C=''
ECHO_N='-n'
ECHO_T=''
EGREP='/usr/bin/grep -E'
EXEEXT=''
FGREP='/usr/bin/grep -F'
GREP='/usr/bin/grep'
INSTALL_DATA='${INSTALL} -m 644'
INSTALL_PROGRAM='${INSTALL}'
INSTALL_SCRIPT='${INSTALL}'
INSTALL_STRIP_PROGRAM='$(install_sh) -c -s'
LD='/usr/bin/ld -m elf_x86_64'
LDFLAGS=''
LIBOBJS=''
LIBS='-lodb -lpq  -lpthread'
LIBTOOL='$(SHELL) $(top_builddir)/libtool'
LIPO=''
LN_S='ln -s'
LTLIBOBJS=''
MAKEINFO='${SHELL} /home/alastar/Загрузки/libodb-pgsql-2.3.0/config/missing --run makeinfo'
MANIFEST_TOOL=':'
MKDIR_P='/usr/bin/mkdir -p'
NM='/usr/bin/nm -B'
NMEDIT=''
OBJDUMP='objdump'
OBJEXT='o'
OTOOL64=''
OTOOL=''
PACKAGE='libodb-pgsql'
PACKAGE_BUGREPORT='odb-users@codesynthesis.com'
PACKAGE_NAME='libodb-pgsql'
PACKAGE_STRING='libodb-pgsql 2.3.0'
PACKAGE_TARNAME='libodb-pgsql'
PACKAGE_URL=''
PACKAGE_VERSION='2.3.0'
PATH_SEPARATOR=':'
PTHREAD_CXX=''
PTHREAD_CXXFLAGS='-D_REENTRANT '
PTHREAD_LIBS='-lpthread'
RANLIB='ranlib'
SED='/usr/bin/sed'
SET_MAKE=''
SHELL='/bin/sh'
STRIP='strip'
VERSION='2.3.0'
ac_ct_AR='ar'
ac_ct_CC='gcc'
ac_ct_CXX='g++'
ac_ct_DUMPBIN=''
acx_pthread_config=''
am__EXEEXT_FALSE=''
am__EXEEXT_TRUE='#'
am__fastdepCC_FALSE='#'
am__fastdepCC_TRUE=''
am__fastdepCXX_FALSE='#'
am__fastdepCXX_TRUE=''
am__include='include'
am__isrc=''
am__leading_dot='.'
am__nodep='_no'
am__quote=''
am__tar='tar --format=ustar -chf - "$$tardir"'
am__untar='tar -xf -'
bindir='${exec_prefix}/bin'
build='x86_64-unknown-linux-gnu'
build_alias=''
build_cpu='x86_64'
build_os='linux-gnu'
build_vendor='unknown'
datadir='${datarootdir}'
datarootdir='${prefix}/share'
docdir='${datarootdir}/doc/${PACKAGE_TARNAME}'
dvidir='${docdir}'
exec_prefix='${prefix}'
host='x86_64-unknown-linux-gnu'
host_alias=''
host_cpu='x86_64'
host_os='linux-gnu'
host_vendor='unknown'
htmldir='${docdir}'
includedir='${prefix}/include'
infodir='${datarootdir}/info'
install_sh='${SHELL} /home/alastar/Загрузки/libodb-pgsql-2.3.0/config/install-sh'
libdir='${exec_prefix}/lib'
libexecdir='${exec_prefix}/libexec'
localedir='${datarootdir}/locale'
localstatedir='${prefix}/var'
mandir='${datarootdir}/man'
mkdir_p='$(MKDIR_P)'
oldincludedir='/usr/include'
pdfdir='${docdir}'
pg_config='/usr/bin/pg_config'
pkgconfigdir='${libdir}/pkgconfig'
prefix='/usr/local'
program_transform_name='s,x,x,'
psdir='${docdir}'
sbindir='${exec_prefix}/sbin'
sharedstatedir='${prefix}/com'
sysconfdir='${prefix}/etc'
target_alias=''

## ----------- ##
## confdefs.h. ##
## ----------- ##

/* confdefs.h */
#define PACKAGE_NAME "libodb-pgsql"
#define PACKAGE_TARNAME "libodb-pgsql"
#define PACKAGE_VERSION "2.3.0"
#define PACKAGE_STRING "libodb-pgsql 2.3.0"
#define PACKAGE_BUGREPORT "odb-users@codesynthesis.com"
#define PACKAGE_URL ""
#define PACKAGE "libodb-pgsql"
#define VERSION "2.3.0"
#define STDC_HEADERS 1
#define HAVE_SYS_TYPES_H 1
#define HAVE_SYS_STAT_H 1
#define HAVE_STDLIB_H 1
#define HAVE_STRING_H 1
#define HAVE_MEMORY_H 1
#define HAVE_STRINGS_H 1
#define HAVE_INTTYPES_H 1
#define HAVE_STDINT_H 1
#define HAVE_UNISTD_H 1
#define HAVE_DLFCN_H 1
#define LT_OBJDIR ".libs/"
#define HAVE_PTHREAD 1

configure: exit 0
