c:\users\alastar\documents\visual studio 2013\projects\rakauth\deps\odb\includes\odb\pgsql\x64\release\vc120.pdb
c:\users\alastar\documents\visual studio 2013\projects\rakauth\deps\odb\includes\odb\pgsql\x64\release\transaction-impl.obj
c:\users\alastar\documents\visual studio 2013\projects\rakauth\deps\odb\includes\odb\pgsql\x64\release\transaction.obj
c:\users\alastar\documents\visual studio 2013\projects\rakauth\deps\odb\includes\odb\pgsql\x64\release\traits.obj
c:\users\alastar\documents\visual studio 2013\projects\rakauth\deps\odb\includes\odb\pgsql\x64\release\tracer.obj
c:\users\alastar\documents\visual studio 2013\projects\rakauth\deps\odb\includes\odb\pgsql\x64\release\statements-base.obj
c:\users\alastar\documents\visual studio 2013\projects\rakauth\deps\odb\includes\odb\pgsql\x64\release\statement.obj
c:\users\alastar\documents\visual studio 2013\projects\rakauth\deps\odb\includes\odb\pgsql\x64\release\simple-object-statements.obj
c:\users\alastar\documents\visual studio 2013\projects\rakauth\deps\odb\includes\odb\pgsql\x64\release\query-const-expr.obj
c:\users\alastar\documents\visual studio 2013\projects\rakauth\deps\odb\includes\odb\pgsql\x64\release\query-dynamic.obj
c:\users\alastar\documents\visual studio 2013\projects\rakauth\deps\odb\includes\odb\pgsql\x64\release\query.obj
c:\users\alastar\documents\visual studio 2013\projects\rakauth\deps\odb\includes\odb\pgsql\x64\release\prepared-query.obj
c:\users\alastar\documents\visual studio 2013\projects\rakauth\deps\odb\includes\odb\pgsql\x64\release\exceptions.obj
c:\users\alastar\documents\visual studio 2013\projects\rakauth\deps\odb\includes\odb\pgsql\x64\release\error.obj
c:\users\alastar\documents\visual studio 2013\projects\rakauth\deps\odb\includes\odb\pgsql\x64\release\database.obj
c:\users\alastar\documents\visual studio 2013\projects\rakauth\deps\odb\includes\odb\pgsql\x64\release\connection-factory.obj
c:\users\alastar\documents\visual studio 2013\projects\rakauth\deps\odb\includes\odb\pgsql\x64\release\connection.obj
c:\users\alastar\documents\visual studio 2013\projects\rakauth\deps\odb\includes\odb\pgsql\x64\release\auto-handle.obj
c:\users\alastar\documents\visual studio 2013\projects\rakauth\deps\odb\includes\odb\pgsql\x64\release\details\options.obj
c:\users\alastar\documents\visual studio 2013\projects\rakauth\deps\odb\includes\odb\pgsql\x64\release\details\endian-traits.obj
c:\users\alastar\documents\visual studio 2013\projects\rakauth\deps\odb\includes\odb\pgsql\x64\release\libodb-p.b6185c00.tlog\cl.command.1.tlog
c:\users\alastar\documents\visual studio 2013\projects\rakauth\deps\odb\includes\odb\pgsql\x64\release\libodb-p.b6185c00.tlog\cl.read.1.tlog
c:\users\alastar\documents\visual studio 2013\projects\rakauth\deps\odb\includes\odb\pgsql\x64\release\libodb-p.b6185c00.tlog\cl.write.1.tlog
c:\users\alastar\documents\visual studio 2013\projects\rakauth\deps\odb\includes\odb\pgsql\x64\release\libodb-p.b6185c00.tlog\link.command.1.tlog
c:\users\alastar\documents\visual studio 2013\projects\rakauth\deps\odb\includes\odb\pgsql\x64\release\libodb-p.b6185c00.tlog\link.read.1.tlog
c:\users\alastar\documents\visual studio 2013\projects\rakauth\deps\odb\includes\odb\pgsql\x64\release\libodb-p.b6185c00.tlog\link.write.1.tlog
